app/seeds.txt
ninh.luyen.dds.datas.remotes.responses.Detail: int hashCode()
ninh.luyen.dds.datas.remotes.responses.Temp: java.lang.String getAvg()
ninh.luyen.dds.datas.remotes.responses.Temp: java.lang.String toString()
ninh.luyen.dds.datas.cache.models.SearchCache: java.lang.String getQuery()
ninh.luyen.dds.datas.remotes.responses.FeelLike: double getDay()
ninh.luyen.dds.datas.remotes.responses.SearchResponseModel: int hashCode()
ninh.luyen.dds.datas.remotes.responses.Temp: double component6()
ninh.luyen.dds.datas.remotes.responses.City: ninh.luyen.dds.datas.remotes.responses.City copy$default(ninh.luyen.dds.datas.remotes.responses.City,ninh.luyen.dds.datas.remotes.responses.Coordinator,java.lang.String,int,java.lang.String,int,int,int,java.lang.Object)
ninh.luyen.dds.HomeActivity
ninh.luyen.dds.datas.remotes.responses.City: ninh.luyen.dds.datas.remotes.responses.Coordinator getCoord()
ninh.luyen.dds.datas.remotes.responses.City: int hashCode()
ninh.luyen.dds.datas.remotes.responses.Detail: int component1()
ninh.luyen.dds.datas.remotes.responses.City
ninh.luyen.dds.ui.homes.HomeFragment: HomeFragment()
ninh.luyen.dds.datas.remotes.responses.HttpErrorCode
ninh.luyen.dds.datas.remotes.responses.Coordinator: Coordinator(double,double)
ninh.luyen.dds.datas.cache.models.SearchCache: SearchCache(java.lang.String,ninh.luyen.dds.datas.remotes.responses.SearchResponseModel)
ninh.luyen.dds.commons.BaseFragment: BaseFragment()
ninh.luyen.dds.datas.remotes.responses.Weather: java.lang.String getMain()
ninh.luyen.dds.datas.remotes.responses.SearchResponseModel: java.util.List component5()
ninh.luyen.dds.datas.remotes.responses.FeelLike: double getMorn()
ninh.luyen.dds.datas.remotes.responses.Temp: boolean equals(java.lang.Object)
ninh.luyen.dds.datas.remotes.responses.Weather: ninh.luyen.dds.datas.remotes.responses.Weather copy(java.lang.String,java.lang.String,int,java.lang.String)
ninh.luyen.dds.datas.remotes.responses.Coordinator: boolean equals(java.lang.Object)
ninh.luyen.dds.datas.remotes.responses.Detail: int getDt()
ninh.luyen.dds.datas.remotes.responses.Weather: java.lang.String component2()
ninh.luyen.dds.commons.BaseViewModel: BaseViewModel()
ninh.luyen.dds.datas.remotes.responses.FeelLike: double eve
ninh.luyen.dds.datas.remotes.responses.FeelLike: double component2()
ninh.luyen.dds.datas.remotes.responses.BaseModel
ninh.luyen.dds.datas.remotes.responses.Detail: ninh.luyen.dds.datas.remotes.responses.Detail copy$default(ninh.luyen.dds.datas.remotes.responses.Detail,int,int,int,ninh.luyen.dds.datas.remotes.responses.Temp,ninh.luyen.dds.datas.remotes.responses.FeelLike,java.util.List,int,int,int,java.lang.Object)
ninh.luyen.dds.commons.BaseViewModel
ninh.luyen.dds.datas.remotes.responses.SearchCacheModel: ninh.luyen.dds.datas.remotes.responses.SearchCacheModel copy(java.lang.String,ninh.luyen.dds.datas.remotes.responses.SearchResponseModel)
ninh.luyen.dds.datas.cache.models.SearchCache: ninh.luyen.dds.datas.remotes.responses.SearchResponseModel searchResponseModel
ninh.luyen.dds.datas.remotes.responses.Temp: double component1()
ninh.luyen.dds.datas.remotes.responses.City: java.lang.String toString()
ninh.luyen.dds.datas.remotes.responses.Temp: double component2()
ninh.luyen.dds.datas.remotes.responses.Detail
ninh.luyen.dds.datas.cache.models.SearchCache: java.lang.String toString()
ninh.luyen.dds.datas.remotes.responses.Weather: int component3()
ninh.luyen.dds.datas.remotes.responses.SearchResponseModel
ninh.luyen.dds.datas.remotes.responses.SearchCacheModel: ninh.luyen.dds.datas.remotes.responses.SearchResponseModel searchResponseModel
ninh.luyen.dds.datas.remotes.responses.City: java.lang.String component2()
ninh.luyen.dds.datas.remotes.responses.Weather: java.lang.String description
ninh.luyen.dds.datas.remotes.responses.SearchResponseModel: int cnt
ninh.luyen.dds.datas.remotes.responses.FeelLike: int hashCode()
ninh.luyen.dds.datas.remotes.responses.City: ninh.luyen.dds.datas.remotes.responses.Coordinator component1()
...
okhttp3.MultipartBody$Builder: MultipartBody$Builder(java.lang.String,int,kotlin.jvm.internal.DefaultConstructorMarker)
com.google.android.material.button.MaterialButton: int getInsetTop()
okhttp3.internal.http2.Http2Writer: void goAway(int,okhttp3.internal.http2.ErrorCode,byte[])
okhttp3.internal.http2.Http2Connection: okhttp3.internal.concurrent.TaskQueue pushQueue
com.google.android.material.button.MaterialButton: void setIconResource(int)
androidx.recyclerview.widget.StaggeredGridLayoutManager: StaggeredGridLayoutManager(android.content.Context,android.util.AttributeSet,int,int)
okhttp3.CertificatePinner$Pin: java.lang.String toString()
com.google.android.material.button.MaterialButton: android.content.res.ColorStateList getIconTint()
okhttp3.internal.cache2.Relay$RelaySource
okhttp3.internal.connection.RealConnectionPool: okhttp3.internal.connection.RealConnectionPool$cleanupTask$1 cleanupTask
okhttp3.internal.platform.Platform: java.util.logging.Logger logger
okhttp3.internal.cache2.Relay: int getSourceCount()
okhttp3.internal.ws.RealWebSocket: void tearDown()
okhttp3.internal.ws.RealWebSocket$Close: okio.ByteString reason
okhttp3.CertificatePinner: java.lang.String pin(java.security.cert.Certificate)
okhttp3.internal.concurrent.TaskRunner$Companion: TaskRunner$Companion(kotlin.jvm.internal.DefaultConstructorMarker)
okhttp3.HttpUrl$Builder: okhttp3.HttpUrl$Builder setPathSegment(int,java.lang.String)
androidx.appcompat.widget.Toolbar: android.graphics.drawable.Drawable getCollapseIcon()
okhttp3.Cache$Companion
androidx.vectordrawable.graphics.drawable.VectorDrawableCompat$VFullPath: int getFillColor()
okhttp3.MultipartBody$Part: okhttp3.Headers headers()
androidx.appcompat.widget.Toolbar: void setContentInsetStartWithNavigation(int)
androidx.activity.ComponentActivity: ComponentActivity()
okhttp3.internal.http2.Http2Connection: okhttp3.internal.http2.Settings DEFAULT_SETTINGS
okhttp3.internal.http2.Http2Writer: Http2Writer(okio.BufferedSink,boolean)
okhttp3.internal.concurrent.TaskRunner$Backend: void beforeTask(okhttp3.internal.concurrent.TaskRunner)
okhttp3.internal.concurrent.TaskRunner$Companion
okhttp3.RequestBody: okhttp3.RequestBody create(byte[],okhttp3.MediaType)
okhttp3.internal.http2.PushObserver$Companion: okhttp3.internal.http2.PushObserver$Companion $$INSTANCE
okhttp3.logging.HttpLoggingInterceptor$Level: okhttp3.logging.HttpLoggingInterceptor$Level valueOf(java.lang.String)
okhttp3.internal.concurrent.TaskQueue
com.google.android.material.button.MaterialButtonToggleGroup: java.lang.CharSequence getAccessibilityClassName()
okhttp3.internal.ws.WebSocketReader: okio.BufferedSource source
androidx.lifecycle.Lifecycle$Event: androidx.lifecycle.Lifecycle$Event downFrom(androidx.lifecycle.Lifecycle$State)
org.koin.androidx.scope.ScopeActivity: ScopeActivity()
okhttp3.internal.cache.DiskLruCache: void close()
okhttp3.Protocol: java.lang.String toString()
okhttp3.internal.concurrent.TaskQueue: void schedule$default(okhttp3.internal.concurrent.TaskQueue,java.lang.String,long,kotlin.jvm.functions.Function0,int,java.lang.Object)
com.google.android.material.timepicker.ChipTextInputComboView: ChipTextInputComboView(android.content.Context,android.util.AttributeSet)
okhttp3.internal.ws.RealWebSocket: boolean close(int,java.lang.String)
androidx.appcompat.widget.AppCompatSpinner: void setDropDownVerticalOffset(int)
okhttp3.internal.http2.Http2Connection: long intervalPongsReceived
com.google.android.material.textfield.TextInputEditText: com.google.android.material.textfield.TextInputLayout getTextInputLayout()
okhttp3.internal.platform.android.AndroidSocketAdapter: java.lang.String getSelectedProtocol(javax.net.ssl.SSLSocket)
okhttp3.internal.http.RetryAndFollowUpInterceptor: okhttp3.Response intercept(okhttp3.Interceptor$Chain)
androidx.constraintlayout.widget.ConstraintLayout: int getOptimizationLevel()