app/unused.txt
ninh.luyen.dds.commons.utils.ActivityExtensionsKt:
    public static final synthetic java.lang.String TAG(java.lang.Object)
    public static final void inTransaction(androidx.fragment.app.FragmentManager,kotlin.jvm.functions.Function1)
    public static final void replaceFragment(androidx.appcompat.app.AppCompatActivity,int,androidx.fragment.app.Fragment,java.lang.String,boolean)
    public static synthetic void replaceFragment$default(androidx.appcompat.app.AppCompatActivity,int,androidx.fragment.app.Fragment,java.lang.String,boolean,int,java.lang.Object)
    public static final androidx.fragment.app.Fragment getCurrentFragment(androidx.appcompat.app.AppCompatActivity)
    public static final void popBackStack(androidx.appcompat.app.AppCompatActivity)
    public static final void popBackStackInclusive(androidx.appcompat.app.AppCompatActivity)
    public static final void hideKeyboard(android.app.Activity)
    public static final void hideKeyboard(android.content.Context,android.view.View)
    public static final void toast(android.app.Activity,java.lang.String)
    public static final void toast(android.app.Activity,int)
ninh.luyen.dds.commons.BaseFragment$onDestroy$1
ninh.luyen.dds.R$attr
ninh.luyen.dds.datas.repositories.weathers.GetWeathersFails$UndefineError:
    public synthetic void <init>(java.lang.String,int,kotlin.jvm.internal.DefaultConstructorMarker)
    public void <init>()
    public final java.lang.String getMessage()
ninh.luyen.dds.R$style
ninh.luyen.dds.databinding.ItemTempDetailBinding
ninh.luyen.dds.R
ninh.luyen.dds.R$dimen
ninh.luyen.dds.datas.repositories.Result:
    public final boolean isSuccess()
    public final boolean isError()
    public final ninh.luyen.dds.datas.repositories.Result$Success success(java.lang.Object)
    public final ninh.luyen.dds.datas.repositories.Result$Error error(java.lang.Object)
ninh.luyen.dds.commons.BaseFragment:
    public static final synthetic ninh.luyen.dds.commons.BaseViewModel access$getBaseViewModel$p(ninh.luyen.dds.commons.BaseFragment)
    public static final synthetic void access$setBaseViewModel$p(ninh.luyen.dds.commons.BaseFragment,ninh.luyen.dds.commons.BaseViewModel)
    public final void navigateToFragment$app_release(ninh.luyen.dds.commons.BaseFragment,java.lang.String)
    public final boolean firstTimeCreated$app_release(android.os.Bundle)
    public android.view.View _$_findCachedViewById(int)
ninh.luyen.dds.datas.remotes.NetworkHandler:
    public final android.content.Context getContext()
ninh.luyen.dds.R$integer
ninh.luyen.dds.R$layout
ninh.luyen.dds.R$styleable
ninh.luyen.dds.databinding.HomeFragmentBinding
ninh.luyen.dds.databinding.ItemErrorBinding
ninh.luyen.dds.commons.utils.ViewExtensionsKt$onClickSpannable$1
ninh.luyen.dds.commons.utils.ViewExtensionsKt:
    public static final void visible(android.view.View)
    public static final void visibleInMillis(android.view.View,long)
    public static final void gone(android.view.View)
    public static final void invisible(android.view.View)
    public static final boolean isNullOrEmpty(android.widget.EditText)
    public static final void onClickSpannable(android.widget.TextView,int,int,kotlin.jvm.functions.Function0)
    public static final void onClickSpannable(android.widget.TextView,java.lang.String,kotlin.jvm.functions.Function0)
    public static final void afterTextChanged(android.widget.EditText,kotlin.jvm.functions.Function0)
    public static final void onFocused(android.widget.EditText,kotlin.jvm.functions.Function0)
ninh.luyen.dds.R$color
...
kotlinx.android.extensions.ContainerOptions
kotlinx.coroutines.internal.ThreadLocalKey
com.google.android.material.transition.MaterialContainerTransform$FitMode
kotlinx.coroutines.RemoveOnCancel
kotlinx.coroutines.flow.FlowKt__ZipKt$combine$$inlined$unsafeFlow$5$lambda$1
com.google.android.material.timepicker.MaterialTimePicker$3
kotlin.sequences.SequencesKt___SequencesKt$zipWithNext$1
androidx.transition.Slide$GravityFlag
androidx.core.widget.TintableCompoundDrawablesView:
    public abstract android.content.res.ColorStateList getSupportCompoundDrawablesTintList()
    public abstract android.graphics.PorterDuff$Mode getSupportCompoundDrawablesTintMode()
io.reactivex.internal.operators.completable.CompletableFromSingle
androidx.collection.LruCacheKt$lruCache$1
io.reactivex.internal.operators.observable.ObservableLastSingle$LastObserver
androidx.recyclerview.widget.LinearSnapHelper
com.google.android.material.appbar.CollapsingToolbarLayout$1
io.reactivex.internal.operators.observable.ObservablePublishSelector$TargetObserver
io.reactivex.internal.operators.observable.ObservableWindowTimed$WindowSkipObserver$1
androidx.vectordrawable.R$styleable
kotlinx.coroutines.test.TestCoroutineContext$Dispatcher$invokeOnTimeout$1
androidx.appcompat.view.ContextThemeWrapper:
    public void <init>()
io.reactivex.internal.operators.maybe.MaybeMergeArray
androidx.drawerlayout.R$id
androidx.constraintlayout.motion.widget.SplineSet
androidx.viewpager2.widget.ViewPager2$PagerSnapHelperImpl
androidx.recyclerview.widget.AsyncListUtil$DataCallback
kotlinx.coroutines.flow.FlowKt__ErrorsKt$catchImpl$1
com.google.android.material.progressindicator.CircularProgressIndicator$IndicatorDirection
kotlin.properties.ObservableProperty
androidx.core.view.inputmethod.InputContentInfoCompat$InputContentInfoCompatApi25Impl
androidx.loader.content.ModernAsyncTask$4
androidx.lifecycle.SavedStateHandle:
    private androidx.lifecycle.MutableLiveData getLiveDataInternal(java.lang.String,boolean,java.lang.Object)
    public boolean contains(java.lang.String)
    public androidx.lifecycle.MutableLiveData getLiveData(java.lang.String)
    public androidx.lifecycle.MutableLiveData getLiveData(java.lang.String,java.lang.Object)
    public java.util.Set keys()
    public java.lang.Object get(java.lang.String)
    public java.lang.Object remove(java.lang.String)
    public void setSavedStateProvider(java.lang.String,androidx.savedstate.SavedStateRegistry$SavedStateProvider)
    public void clearSavedStateProvider(java.lang.String)
    private static final java.lang.String VALUES
    private static final java.lang.String KEYS
okio.-DeflaterSinkExtensions
org.koin.androidx.fragment.BuildConfig
androidx.recyclerview.widget.AdapterListUpdateCallback
androidx.viewpager.widget.ViewPager$PageTransformer
androidx.core.view.accessibility.AccessibilityManagerCompat$TouchExplorationStateChangeListener
androidx.transition.Styleable$VisibilityTransition
androidx.core.widget.TextViewKt$doOnTextChanged$$inlined$addTextChangedListener$1
io.reactivex.Scheduler$PeriodicDirectTask
kotlin.internal.InlineOnly
kotlin.coroutines.jvm.internal.DebugMetadataKt:
    public static final java.lang.String[] getSpilledVariableFieldMapping(kotlin.coroutines.jvm.internal.BaseContinuationImpl)
    private static final int COROUTINES_DEBUG_METADATA_VERSION
kotlin.reflect.KTypeProjection